This file contains any messages produced by compilers while
running configure, to aid debugging if configure makes a mistake.

It was created by jansson configure 2.7, which was
generated by GNU Autoconf 2.68.  Invocation command line was

  $ ./configure 

## --------- ##
## Platform. ##
## --------- ##

hostname = ubuntu12
uname -m = i686
uname -r = 3.11.0-15-generic
uname -s = Linux
uname -v = #25~precise1-Ubuntu SMP Thu Jan 30 17:42:40 UTC 2014

/usr/bin/uname -p = unknown
/bin/uname -X     = unknown

/bin/arch              = unknown
/usr/bin/arch -k       = unknown
/usr/convex/getsysinfo = unknown
/usr/bin/hostinfo      = unknown
/bin/machine           = unknown
/usr/bin/oslevel       = unknown
/bin/universe          = unknown

PATH: /home/xtra/bin
PATH: /usr/local/sbin
PATH: /usr/local/bin
PATH: /usr/sbin
PATH: /usr/bin
PATH: /sbin
PATH: /bin
PATH: /usr/games
PATH: /opt/Cortina/toolchain/toolchain-arm_gcc-4.5.1+l_uClibc-0.9.32_eabi/bin
PATH: /opt/Cortina/toolchain/toolchain-arm_gcc-4.5.1+l_glibc-2.6.1_eabi/bin


## ----------- ##
## Core tests. ##
## ----------- ##

configure:2362: checking for a BSD-compatible install
configure:2430: result: /usr/bin/install -c
configure:2441: checking whether build environment is sane
configure:2491: result: yes
configure:2632: checking for a thread-safe mkdir -p
configure:2671: result: /bin/mkdir -p
configure:2684: checking for gawk
configure:2700: found /usr/bin/gawk
configure:2711: result: gawk
configure:2722: checking whether make sets $(MAKE)
configure:2744: result: yes
configure:2878: checking for gcc
configure:2894: found /usr/bin/gcc
configure:2905: result: gcc
configure:3134: checking for C compiler version
configure:3143: gcc --version >&5
gcc (Ubuntu/Linaro 4.6.3-1ubuntu5) 4.6.3
Copyright (C) 2011 Free Software Foundation, Inc.
This is free software; see the source for copying conditions.  There is NO
warranty; not even for MERCHANTABILITY or FITNESS FOR A PARTICULAR PURPOSE.

configure:3154: $? = 0
configure:3143: gcc -v >&5
Using built-in specs.
COLLECT_GCC=gcc
COLLECT_LTO_WRAPPER=/usr/lib/gcc/i686-linux-gnu/4.6/lto-wrapper
Target: i686-linux-gnu
Configured with: ../src/configure -v --with-pkgversion='Ubuntu/Linaro 4.6.3-1ubuntu5' --with-bugurl=file:///usr/share/doc/gcc-4.6/README.Bugs --enable-languages=c,c++,fortran,objc,obj-c++ --prefix=/usr --program-suffix=-4.6 --enable-shared --enable-linker-build-id --with-system-zlib --libexecdir=/usr/lib --without-included-gettext --enable-threads=posix --with-gxx-include-dir=/usr/include/c++/4.6 --libdir=/usr/lib --enable-nls --with-sysroot=/ --enable-clocale=gnu --enable-libstdcxx-debug --enable-libstdcxx-time=yes --enable-gnu-unique-object --enable-plugin --enable-objc-gc --enable-targets=all --disable-werror --with-arch-32=i686 --with-tune=generic --enable-checking=release --build=i686-linux-gnu --host=i686-linux-gnu --target=i686-linux-gnu
Thread model: posix
gcc version 4.6.3 (Ubuntu/Linaro 4.6.3-1ubuntu5) 
configure:3154: $? = 0
configure:3143: gcc -V >&5
gcc: error: unrecognized option '-V'
gcc: fatal error: no input files
compilation terminated.
configure:3154: $? = 4
configure:3143: gcc -qversion >&5
gcc: error: unrecognized option '-qversion'
gcc: fatal error: no input files
compilation terminated.
configure:3154: $? = 4
configure:3174: checking whether the C compiler works
configure:3196: gcc    conftest.c  >&5
configure:3200: $? = 0
configure:3248: result: yes
configure:3251: checking for C compiler default output file name
configure:3253: result: a.out
configure:3259: checking for suffix of executables
configure:3266: gcc -o conftest    conftest.c  >&5
configure:3270: $? = 0
configure:3292: result: 
configure:3314: checking whether we are cross compiling
configure:3322: gcc -o conftest    conftest.c  >&5
configure:3326: $? = 0
configure:3333: ./conftest
configure:3337: $? = 0
configure:3352: result: no
configure:3357: checking for suffix of object files
configure:3379: gcc -c   conftest.c >&5
configure:3383: $? = 0
configure:3404: result: o
configure:3408: checking whether we are using the GNU C compiler
configure:3427: gcc -c   conftest.c >&5
configure:3427: $? = 0
configure:3436: result: yes
configure:3445: checking whether gcc accepts -g
configure:3465: gcc -c -g  conftest.c >&5
configure:3465: $? = 0
configure:3506: result: yes
configure:3523: checking for gcc option to accept ISO C89
configure:3587: gcc  -c -g -O2  conftest.c >&5
configure:3587: $? = 0
configure:3600: result: none needed
configure:3631: checking for style of include used by make
configure:3659: result: GNU
configure:3685: checking dependency style of gcc
configure:3796: result: gcc3
configure:3840: checking build system type
configure:3854: result: i686-pc-linux-gnu
configure:3874: checking host system type
configure:3887: result: i686-pc-linux-gnu
configure:3928: checking how to print strings
configure:3955: result: printf
configure:3976: checking for a sed that does not truncate output
configure:4040: result: /bin/sed
configure:4058: checking for grep that handles long lines and -e
configure:4116: result: /bin/grep
configure:4121: checking for egrep
configure:4183: result: /bin/grep -E
configure:4188: checking for fgrep
configure:4250: result: /bin/grep -F
configure:4285: checking for ld used by gcc
configure:4352: result: /usr/bin/ld
configure:4359: checking if the linker (/usr/bin/ld) is GNU ld
configure:4374: result: yes
configure:4386: checking for BSD- or MS-compatible name lister (nm)
configure:4435: result: /usr/bin/nm -B
configure:4565: checking the name lister (/usr/bin/nm -B) interface
configure:4572: gcc -c -g -O2  conftest.c >&5
configure:4575: /usr/bin/nm -B "conftest.o"
configure:4578: output
00000000 B some_variable
configure:4585: result: BSD nm
configure:4588: checking whether ln -s works
configure:4592: result: yes
configure:4600: checking the maximum length of command line arguments
configure:4730: result: 1572864
configure:4747: checking whether the shell understands some XSI constructs
configure:4757: result: yes
configure:4761: checking whether the shell understands "+="
configure:4767: result: yes
configure:4802: checking how to convert i686-pc-linux-gnu file names to i686-pc-linux-gnu format
configure:4842: result: func_convert_file_noop
configure:4849: checking how to convert i686-pc-linux-gnu file names to toolchain format
configure:4869: result: func_convert_file_noop
configure:4876: checking for /usr/bin/ld option to reload object files
configure:4883: result: -r
configure:4957: checking for objdump
configure:4973: found /usr/bin/objdump
configure:4984: result: objdump
configure:5016: checking how to recognize dependent libraries
configure:5218: result: pass_all
configure:5303: checking for dlltool
configure:5333: result: no
configure:5363: checking how to associate runtime and link libraries
configure:5390: result: printf %s\n
configure:5451: checking for ar
configure:5467: found /usr/bin/ar
configure:5478: result: ar
configure:5515: checking for archiver @FILE support
configure:5532: gcc -c -g -O2  conftest.c >&5
configure:5532: $? = 0
configure:5535: ar cru libconftest.a @conftest.lst >&5
configure:5538: $? = 0
configure:5543: ar cru libconftest.a @conftest.lst >&5
ar: conftest.o: No such file or directory
configure:5546: $? = 1
configure:5558: result: @
configure:5616: checking for strip
configure:5632: found /usr/bin/strip
configure:5643: result: strip
configure:5715: checking for ranlib
configure:5731: found /usr/bin/ranlib
configure:5742: result: ranlib
configure:5844: checking command to parse /usr/bin/nm -B output from gcc object
configure:5964: gcc -c -g -O2  conftest.c >&5
configure:5967: $? = 0
configure:5971: /usr/bin/nm -B conftest.o \| sed -n -e 's/^.*[ ]\([ABCDGIRSTW][ABCDGIRSTW]*\)[ ][ ]*\([_A-Za-z][_A-Za-z0-9]*\)$/\1 \2 \2/p' | sed '/ __gnu_lto/d' \> conftest.nm
configure:5974: $? = 0
configure:6040: gcc -o conftest -g -O2   conftest.c conftstm.o >&5
configure:6043: $? = 0
configure:6081: result: ok
configure:6118: checking for sysroot
configure:6148: result: no
configure:6404: checking for mt
configure:6420: found /bin/mt
configure:6431: result: mt
configure:6454: checking if mt is a manifest tool
configure:6460: mt '-?'
configure:6468: result: no
configure:7110: checking how to run the C preprocessor
configure:7141: gcc -E  conftest.c
configure:7141: $? = 0
configure:7155: gcc -E  conftest.c
conftest.c:11:28: fatal error: ac_nonexistent.h: No such file or directory
compilation terminated.
configure:7155: $? = 1
configure: failed program was:
| /* confdefs.h */
| #define PACKAGE_NAME "jansson"
| #define PACKAGE_TARNAME "jansson"
| #define PACKAGE_VERSION "2.7"
| #define PACKAGE_STRING "jansson 2.7"
| #define PACKAGE_BUGREPORT "petri@digip.org"
| #define PACKAGE_URL ""
| #define PACKAGE "jansson"
| #define VERSION "2.7"
| /* end confdefs.h.  */
| #include <ac_nonexistent.h>
configure:7180: result: gcc -E
configure:7200: gcc -E  conftest.c
configure:7200: $? = 0
configure:7214: gcc -E  conftest.c
conftest.c:11:28: fatal error: ac_nonexistent.h: No such file or directory
compilation terminated.
configure:7214: $? = 1
configure: failed program was:
| /* confdefs.h */
| #define PACKAGE_NAME "jansson"
| #define PACKAGE_TARNAME "jansson"
| #define PACKAGE_VERSION "2.7"
| #define PACKAGE_STRING "jansson 2.7"
| #define PACKAGE_BUGREPORT "petri@digip.org"
| #define PACKAGE_URL ""
| #define PACKAGE "jansson"
| #define VERSION "2.7"
| /* end confdefs.h.  */
| #include <ac_nonexistent.h>
configure:7243: checking for ANSI C header files
configure:7263: gcc -c -g -O2  conftest.c >&5
configure:7263: $? = 0
configure:7336: gcc -o conftest -g -O2   conftest.c  >&5
configure:7336: $? = 0
configure:7336: ./conftest
configure:7336: $? = 0
configure:7347: result: yes
configure:7360: checking for sys/types.h
configure:7360: gcc -c -g -O2  conftest.c >&5
configure:7360: $? = 0
configure:7360: result: yes
configure:7360: checking for sys/stat.h
configure:7360: gcc -c -g -O2  conftest.c >&5
configure:7360: $? = 0
configure:7360: result: yes
configure:7360: checking for stdlib.h
configure:7360: gcc -c -g -O2  conftest.c >&5
configure:7360: $? = 0
configure:7360: result: yes
configure:7360: checking for string.h
configure:7360: gcc -c -g -O2  conftest.c >&5
configure:7360: $? = 0
configure:7360: result: yes
configure:7360: checking for memory.h
configure:7360: gcc -c -g -O2  conftest.c >&5
configure:7360: $? = 0
configure:7360: result: yes
configure:7360: checking for strings.h
configure:7360: gcc -c -g -O2  conftest.c >&5
configure:7360: $? = 0
configure:7360: result: yes
configure:7360: checking for inttypes.h
configure:7360: gcc -c -g -O2  conftest.c >&5
configure:7360: $? = 0
configure:7360: result: yes
configure:7360: checking for stdint.h
configure:7360: gcc -c -g -O2  conftest.c >&5
configure:7360: $? = 0
configure:7360: result: yes
configure:7360: checking for unistd.h
configure:7360: gcc -c -g -O2  conftest.c >&5
configure:7360: $? = 0
configure:7360: result: yes
configure:7374: checking for dlfcn.h
configure:7374: gcc -c -g -O2  conftest.c >&5
configure:7374: $? = 0
configure:7374: result: yes
configure:7580: checking for objdir
configure:7595: result: .libs
configure:7862: checking if gcc supports -fno-rtti -fno-exceptions
configure:7880: gcc -c -g -O2  -fno-rtti -fno-exceptions conftest.c >&5
cc1: warning: command line option '-fno-rtti' is valid for C++/ObjC++ but not for C [enabled by default]
configure:7884: $? = 0
configure:7897: result: no
configure:8224: checking for gcc option to produce PIC
configure:8231: result: -fPIC -DPIC
configure:8239: checking if gcc PIC flag -fPIC -DPIC works
configure:8257: gcc -c -g -O2  -fPIC -DPIC -DPIC conftest.c >&5
configure:8261: $? = 0
configure:8274: result: yes
configure:8303: checking if gcc static flag -static works
configure:8331: result: yes
configure:8346: checking if gcc supports -c -o file.o
configure:8367: gcc -c -g -O2  -o out/conftest2.o conftest.c >&5
configure:8371: $? = 0
configure:8393: result: yes
configure:8401: checking if gcc supports -c -o file.o
configure:8448: result: yes
configure:8481: checking whether the gcc linker (/usr/bin/ld) supports shared libraries
configure:9638: result: yes
configure:9675: checking whether -lc should be explicitly linked in
configure:9683: gcc -c -g -O2  conftest.c >&5
configure:9686: $? = 0
configure:9701: gcc -shared  -fPIC -DPIC conftest.o  -v -Wl,-soname -Wl,conftest -o conftest 2\>\&1 \| /bin/grep  -lc  \>/dev/null 2\>\&1
configure:9704: $? = 0
configure:9718: result: no
configure:9878: checking dynamic linker characteristics
configure:10389: gcc -o conftest -g -O2   -Wl,-rpath -Wl,/foo conftest.c  >&5
configure:10389: $? = 0
configure:10623: result: GNU/Linux ld.so
configure:10730: checking how to hardcode library paths into programs
configure:10755: result: immediate
configure:11295: checking whether stripping libraries is possible
configure:11300: result: yes
configure:11335: checking if libtool supports shared libraries
configure:11337: result: yes
configure:11340: checking whether to build shared libraries
configure:11361: result: yes
configure:11364: checking whether to build static libraries
configure:11368: result: yes
configure:11420: checking endian.h usability
configure:11420: gcc -c -g -O2  conftest.c >&5
configure:11420: $? = 0
configure:11420: result: yes
configure:11420: checking endian.h presence
configure:11420: gcc -E  conftest.c
configure:11420: $? = 0
configure:11420: result: yes
configure:11420: checking for endian.h
configure:11420: result: yes
configure:11420: checking fcntl.h usability
configure:11420: gcc -c -g -O2  conftest.c >&5
configure:11420: $? = 0
configure:11420: result: yes
configure:11420: checking fcntl.h presence
configure:11420: gcc -E  conftest.c
configure:11420: $? = 0
configure:11420: result: yes
configure:11420: checking for fcntl.h
configure:11420: result: yes
configure:11420: checking locale.h usability
configure:11420: gcc -c -g -O2  conftest.c >&5
configure:11420: $? = 0
configure:11420: result: yes
configure:11420: checking locale.h presence
configure:11420: gcc -E  conftest.c
configure:11420: $? = 0
configure:11420: result: yes
configure:11420: checking for locale.h
configure:11420: result: yes
configure:11420: checking sched.h usability
configure:11420: gcc -c -g -O2  conftest.c >&5
configure:11420: $? = 0
configure:11420: result: yes
configure:11420: checking sched.h presence
configure:11420: gcc -E  conftest.c
configure:11420: $? = 0
configure:11420: result: yes
configure:11420: checking for sched.h
configure:11420: result: yes
configure:11420: checking for unistd.h
configure:11420: result: yes
configure:11420: checking sys/param.h usability
configure:11420: gcc -c -g -O2  conftest.c >&5
configure:11420: $? = 0
configure:11420: result: yes
configure:11420: checking sys/param.h presence
configure:11420: gcc -E  conftest.c
configure:11420: $? = 0
configure:11420: result: yes
configure:11420: checking for sys/param.h
configure:11420: result: yes
configure:11420: checking for sys/stat.h
configure:11420: result: yes
configure:11420: checking sys/time.h usability
configure:11420: gcc -c -g -O2  conftest.c >&5
configure:11420: $? = 0
configure:11420: result: yes
configure:11420: checking sys/time.h presence
configure:11420: gcc -E  conftest.c
configure:11420: $? = 0
configure:11420: result: yes
configure:11420: checking for sys/time.h
configure:11420: result: yes
configure:11420: checking for sys/types.h
configure:11420: result: yes
configure:11432: checking for int32_t
configure:11432: gcc -c -g -O2  conftest.c >&5
configure:11432: $? = 0
configure:11432: gcc -c -g -O2  conftest.c >&5
conftest.c: In function 'main':
conftest.c:70:53: warning: integer overflow in expression [-Woverflow]
conftest.c:69:12: error: size of array 'test_array' is negative
conftest.c:69:12: error: storage size of 'test_array' isn't constant
configure:11432: $? = 1
configure: failed program was:
| /* confdefs.h */
| #define PACKAGE_NAME "jansson"
| #define PACKAGE_TARNAME "jansson"
| #define PACKAGE_VERSION "2.7"
| #define PACKAGE_STRING "jansson 2.7"
| #define PACKAGE_BUGREPORT "petri@digip.org"
| #define PACKAGE_URL ""
| #define PACKAGE "jansson"
| #define VERSION "2.7"
| #define STDC_HEADERS 1
| #define HAVE_SYS_TYPES_H 1
| #define HAVE_SYS_STAT_H 1
| #define HAVE_STDLIB_H 1
| #define HAVE_STRING_H 1
| #define HAVE_MEMORY_H 1
| #define HAVE_STRINGS_H 1
| #define HAVE_INTTYPES_H 1
| #define HAVE_STDINT_H 1
| #define HAVE_UNISTD_H 1
| #define HAVE_DLFCN_H 1
| #define LT_OBJDIR ".libs/"
| #define HAVE_ENDIAN_H 1
| #define HAVE_FCNTL_H 1
| #define HAVE_LOCALE_H 1
| #define HAVE_SCHED_H 1
| #define HAVE_UNISTD_H 1
| #define HAVE_SYS_PARAM_H 1
| #define HAVE_SYS_STAT_H 1
| #define HAVE_SYS_TIME_H 1
| #define HAVE_SYS_TYPES_H 1
| /* end confdefs.h.  */
| #include <stdio.h>
| #ifdef HAVE_SYS_TYPES_H
| # include <sys/types.h>
| #endif
| #ifdef HAVE_SYS_STAT_H
| # include <sys/stat.h>
| #endif
| #ifdef STDC_HEADERS
| # include <stdlib.h>
| # include <stddef.h>
| #else
| # ifdef HAVE_STDLIB_H
| #  include <stdlib.h>
| # endif
| #endif
| #ifdef HAVE_STRING_H
| # if !defined STDC_HEADERS && defined HAVE_MEMORY_H
| #  include <memory.h>
| # endif
| # include <string.h>
| #endif
| #ifdef HAVE_STRINGS_H
| # include <strings.h>
| #endif
| #ifdef HAVE_INTTYPES_H
| # include <inttypes.h>
| #endif
| #ifdef HAVE_STDINT_H
| # include <stdint.h>
| #endif
| #ifdef HAVE_UNISTD_H
| # include <unistd.h>
| #endif
| 	        enum { N = 32 / 2 - 1 };
| int
| main ()
| {
| static int test_array [1 - 2 * !((int32_t) (((((int32_t) 1 << N) << N) - 1) * 2 + 1)
| 		 < (int32_t) (((((int32_t) 1 << N) << N) - 1) * 2 + 2))];
| test_array [0] = 0
| 
|   ;
|   return 0;
| }
configure:11432: result: yes
configure:11443: checking for uint32_t
configure:11443: gcc -c -g -O2  conftest.c >&5
configure:11443: $? = 0
configure:11443: result: yes
configure:11457: checking for uint16_t
configure:11457: gcc -c -g -O2  conftest.c >&5
configure:11457: $? = 0
configure:11457: result: yes
configure:11469: checking for uint8_t
configure:11469: gcc -c -g -O2  conftest.c >&5
configure:11469: $? = 0
configure:11469: result: yes
configure:11484: checking for long long int
configure:11521: gcc -o conftest -g -O2   conftest.c  >&5
configure:11521: $? = 0
configure:11551: gcc -o conftest -g -O2   conftest.c  >&5
configure:11551: $? = 0
configure:11551: ./conftest
configure:11551: $? = 0
configure:11566: result: yes
configure:11575: checking for inline
configure:11591: gcc -c -g -O2  conftest.c >&5
configure:11591: $? = 0
configure:11599: result: inline
configure:11628: checking for close
configure:11628: gcc -o conftest -g -O2   conftest.c  >&5
configure:11628: $? = 0
configure:11628: result: yes
configure:11628: checking for getpid
configure:11628: gcc -o conftest -g -O2   conftest.c  >&5
configure:11628: $? = 0
configure:11628: result: yes
configure:11628: checking for gettimeofday
configure:11628: gcc -o conftest -g -O2   conftest.c  >&5
configure:11628: $? = 0
configure:11628: result: yes
configure:11628: checking for localeconv
configure:11628: gcc -o conftest -g -O2   conftest.c  >&5
configure:11628: $? = 0
configure:11628: result: yes
configure:11628: checking for open
configure:11628: gcc -o conftest -g -O2   conftest.c  >&5
configure:11628: $? = 0
configure:11628: result: yes
configure:11628: checking for read
configure:11628: gcc -o conftest -g -O2   conftest.c  >&5
configure:11628: $? = 0
configure:11628: result: yes
configure:11628: checking for sched_yield
configure:11628: gcc -o conftest -g -O2   conftest.c  >&5
configure:11628: $? = 0
configure:11628: result: yes
configure:11628: checking for strtoll
configure:11628: gcc -o conftest -g -O2   conftest.c  >&5
configure:11628: $? = 0
configure:11628: result: yes
configure:11638: checking for gcc __sync builtins
configure:11652: gcc -o conftest -g -O2   conftest.c  >&5
configure:11652: $? = 0
configure:11662: result: yes
configure:11665: checking for gcc __atomic builtins
configure:11679: gcc -o conftest -g -O2   conftest.c  >&5
conftest.c: In function 'main':
conftest.c:46:52: error: '__ATOMIC_RELAXED' undeclared (first use in this function)
conftest.c:46:52: note: each undeclared identifier is reported only once for each function it appears in
conftest.c:46:95: error: '__ATOMIC_RELEASE' undeclared (first use in this function)
conftest.c:46:134: error: '__ATOMIC_ACQUIRE' undeclared (first use in this function)
configure:11679: $? = 1
configure: failed program was:
| /* confdefs.h */
| #define PACKAGE_NAME "jansson"
| #define PACKAGE_TARNAME "jansson"
| #define PACKAGE_VERSION "2.7"
| #define PACKAGE_STRING "jansson 2.7"
| #define PACKAGE_BUGREPORT "petri@digip.org"
| #define PACKAGE_URL ""
| #define PACKAGE "jansson"
| #define VERSION "2.7"
| #define STDC_HEADERS 1
| #define HAVE_SYS_TYPES_H 1
| #define HAVE_SYS_STAT_H 1
| #define HAVE_STDLIB_H 1
| #define HAVE_STRING_H 1
| #define HAVE_MEMORY_H 1
| #define HAVE_STRINGS_H 1
| #define HAVE_INTTYPES_H 1
| #define HAVE_STDINT_H 1
| #define HAVE_UNISTD_H 1
| #define HAVE_DLFCN_H 1
| #define LT_OBJDIR ".libs/"
| #define HAVE_ENDIAN_H 1
| #define HAVE_FCNTL_H 1
| #define HAVE_LOCALE_H 1
| #define HAVE_SCHED_H 1
| #define HAVE_UNISTD_H 1
| #define HAVE_SYS_PARAM_H 1
| #define HAVE_SYS_STAT_H 1
| #define HAVE_SYS_TIME_H 1
| #define HAVE_SYS_TYPES_H 1
| #define HAVE_LONG_LONG_INT 1
| #define HAVE_CLOSE 1
| #define HAVE_GETPID 1
| #define HAVE_GETTIMEOFDAY 1
| #define HAVE_LOCALECONV 1
| #define HAVE_OPEN 1
| #define HAVE_READ 1
| #define HAVE_SCHED_YIELD 1
| #define HAVE_STRTOLL 1
| #define HAVE_SYNC_BUILTINS 1
| /* end confdefs.h.  */
| 
| int
| main ()
| {
| char l; unsigned long v; __atomic_test_and_set(&l, __ATOMIC_RELAXED); __atomic_store_n(&v, 1, __ATOMIC_RELEASE); __atomic_load_n(&v, __ATOMIC_ACQUIRE);
|   ;
|   return 0;
| }
configure:11689: result: no
configure:11874: creating ./config.status

## ---------------------- ##
## Running config.status. ##
## ---------------------- ##

This file was extended by jansson config.status 2.7, which was
generated by GNU Autoconf 2.68.  Invocation command line was

  CONFIG_FILES    = 
  CONFIG_HEADERS  = 
  CONFIG_LINKS    = 
  CONFIG_COMMANDS = 
  $ ./config.status 

on ubuntu12

config.status:1123: creating jansson.pc
config.status:1123: creating Makefile
config.status:1123: creating doc/Makefile
config.status:1123: creating src/Makefile
config.status:1123: creating src/jansson_config.h
config.status:1123: creating test/Makefile
config.status:1123: creating test/bin/Makefile
config.status:1123: creating test/suites/Makefile
config.status:1123: creating test/suites/api/Makefile
config.status:1123: creating jansson_private_config.h
config.status:1304: jansson_private_config.h is unchanged
config.status:1352: executing depfiles commands
config.status:1352: executing libtool commands

## ---------------- ##
## Cache variables. ##
## ---------------- ##

ac_cv_build=i686-pc-linux-gnu
ac_cv_c_compiler_gnu=yes
ac_cv_c_inline=inline
ac_cv_c_int32_t=yes
ac_cv_c_uint16_t=yes
ac_cv_c_uint32_t=yes
ac_cv_c_uint8_t=yes
ac_cv_env_CC_set=
ac_cv_env_CC_value=
ac_cv_env_CFLAGS_set=
ac_cv_env_CFLAGS_value=
ac_cv_env_CPPFLAGS_set=
ac_cv_env_CPPFLAGS_value=
ac_cv_env_CPP_set=
ac_cv_env_CPP_value=
ac_cv_env_LDFLAGS_set=
ac_cv_env_LDFLAGS_value=
ac_cv_env_LIBS_set=
ac_cv_env_LIBS_value=
ac_cv_env_build_alias_set=
ac_cv_env_build_alias_value=
ac_cv_env_host_alias_set=
ac_cv_env_host_alias_value=
ac_cv_env_target_alias_set=
ac_cv_env_target_alias_value=
ac_cv_func_close=yes
ac_cv_func_getpid=yes
ac_cv_func_gettimeofday=yes
ac_cv_func_localeconv=yes
ac_cv_func_open=yes
ac_cv_func_read=yes
ac_cv_func_sched_yield=yes
ac_cv_func_strtoll=yes
ac_cv_header_dlfcn_h=yes
ac_cv_header_endian_h=yes
ac_cv_header_fcntl_h=yes
ac_cv_header_inttypes_h=yes
ac_cv_header_locale_h=yes
ac_cv_header_memory_h=yes
ac_cv_header_sched_h=yes
ac_cv_header_stdc=yes
ac_cv_header_stdint_h=yes
ac_cv_header_stdlib_h=yes
ac_cv_header_string_h=yes
ac_cv_header_strings_h=yes
ac_cv_header_sys_param_h=yes
ac_cv_header_sys_stat_h=yes
ac_cv_header_sys_time_h=yes
ac_cv_header_sys_types_h=yes
ac_cv_header_unistd_h=yes
ac_cv_host=i686-pc-linux-gnu
ac_cv_objext=o
ac_cv_path_EGREP='/bin/grep -E'
ac_cv_path_FGREP='/bin/grep -F'
ac_cv_path_GREP=/bin/grep
ac_cv_path_SED=/bin/sed
ac_cv_path_install='/usr/bin/install -c'
ac_cv_path_mkdir=/bin/mkdir
ac_cv_prog_AWK=gawk
ac_cv_prog_CPP='gcc -E'
ac_cv_prog_ac_ct_AR=ar
ac_cv_prog_ac_ct_CC=gcc
ac_cv_prog_ac_ct_MANIFEST_TOOL=mt
ac_cv_prog_ac_ct_OBJDUMP=objdump
ac_cv_prog_ac_ct_RANLIB=ranlib
ac_cv_prog_ac_ct_STRIP=strip
ac_cv_prog_cc_c89=
ac_cv_prog_cc_g=yes
ac_cv_prog_make_make_set=yes
ac_cv_type_long_long_int=yes
am_cv_CC_dependencies_compiler_type=gcc3
lt_cv_ar_at_file=@
lt_cv_archive_cmds_need_lc=no
lt_cv_deplibs_check_method=pass_all
lt_cv_file_magic_cmd='$MAGIC_CMD'
lt_cv_file_magic_test_file=
lt_cv_ld_reload_flag=-r
lt_cv_nm_interface='BSD nm'
lt_cv_objdir=.libs
lt_cv_path_LD=/usr/bin/ld
lt_cv_path_NM='/usr/bin/nm -B'
lt_cv_path_mainfest_tool=no
lt_cv_prog_compiler_c_o=yes
lt_cv_prog_compiler_pic='-fPIC -DPIC'
lt_cv_prog_compiler_pic_works=yes
lt_cv_prog_compiler_rtti_exceptions=no
lt_cv_prog_compiler_static_works=yes
lt_cv_prog_gnu_ld=yes
lt_cv_sharedlib_from_linklib_cmd='printf %s\n'
lt_cv_shlibpath_overrides_runpath=no
lt_cv_sys_global_symbol_pipe='sed -n -e '\''s/^.*[	 ]\([ABCDGIRSTW][ABCDGIRSTW]*\)[	 ][	 ]*\([_A-Za-z][_A-Za-z0-9]*\)$/\1 \2 \2/p'\'' | sed '\''/ __gnu_lto/d'\'''
lt_cv_sys_global_symbol_to_c_name_address='sed -n -e '\''s/^: \([^ ]*\)[ ]*$/  {\"\1\", (void *) 0},/p'\'' -e '\''s/^[ABCDGIRSTW]* \([^ ]*\) \([^ ]*\)$/  {"\2", (void *) \&\2},/p'\'''
lt_cv_sys_global_symbol_to_c_name_address_lib_prefix='sed -n -e '\''s/^: \([^ ]*\)[ ]*$/  {\"\1\", (void *) 0},/p'\'' -e '\''s/^[ABCDGIRSTW]* \([^ ]*\) \(lib[^ ]*\)$/  {"\2", (void *) \&\2},/p'\'' -e '\''s/^[ABCDGIRSTW]* \([^ ]*\) \([^ ]*\)$/  {"lib\2", (void *) \&\2},/p'\'''
lt_cv_sys_global_symbol_to_cdecl='sed -n -e '\''s/^T .* \(.*\)$/extern int \1();/p'\'' -e '\''s/^[ABCDGIRSTW]* .* \(.*\)$/extern char \1;/p'\'''
lt_cv_sys_max_cmd_len=1572864
lt_cv_to_host_file_cmd=func_convert_file_noop
lt_cv_to_tool_file_cmd=func_convert_file_noop

## ----------------- ##
## Output variables. ##
## ----------------- ##

ACLOCAL='${SHELL} /home/xtra/work/ftgm/lib/jansson-2.7/missing --run aclocal-1.11'
AMDEPBACKSLASH='\'
AMDEP_FALSE='#'
AMDEP_TRUE=''
AMTAR='$${TAR-tar}'
AM_CFLAGS='-Wall -Wextra -Wdeclaration-after-statement'
AR='ar'
AUTOCONF='${SHELL} /home/xtra/work/ftgm/lib/jansson-2.7/missing --run autoconf'
AUTOHEADER='${SHELL} /home/xtra/work/ftgm/lib/jansson-2.7/missing --run autoheader'
AUTOMAKE='${SHELL} /home/xtra/work/ftgm/lib/jansson-2.7/missing --run automake-1.11'
AWK='gawk'
CC='gcc'
CCDEPMODE='depmode=gcc3'
CFLAGS='-g -O2'
CPP='gcc -E'
CPPFLAGS=''
CYGPATH_W='echo'
DEFS='-DHAVE_CONFIG_H'
DEPDIR='.deps'
DLLTOOL='false'
DSYMUTIL=''
DUMPBIN=''
ECHO_C=''
ECHO_N='-n'
ECHO_T=''
EGREP='/bin/grep -E'
EXEEXT=''
FGREP='/bin/grep -F'
GCC_FALSE='#'
GCC_TRUE=''
GREP='/bin/grep'
INSTALL_DATA='${INSTALL} -m 644'
INSTALL_PROGRAM='${INSTALL}'
INSTALL_SCRIPT='${INSTALL}'
INSTALL_STRIP_PROGRAM='$(install_sh) -c -s'
LD='/usr/bin/ld'
LDFLAGS=''
LIBOBJS=''
LIBS=''
LIBTOOL='$(SHELL) $(top_builddir)/libtool'
LIPO=''
LN_S='ln -s'
LTLIBOBJS=''
MAKEINFO='${SHELL} /home/xtra/work/ftgm/lib/jansson-2.7/missing --run makeinfo'
MANIFEST_TOOL=':'
MKDIR_P='/bin/mkdir -p'
NM='/usr/bin/nm -B'
NMEDIT=''
OBJDUMP='objdump'
OBJEXT='o'
OTOOL64=''
OTOOL=''
PACKAGE='jansson'
PACKAGE_BUGREPORT='petri@digip.org'
PACKAGE_NAME='jansson'
PACKAGE_STRING='jansson 2.7'
PACKAGE_TARNAME='jansson'
PACKAGE_URL=''
PACKAGE_VERSION='2.7'
PATH_SEPARATOR=':'
RANLIB='ranlib'
SED='/bin/sed'
SET_MAKE=''
SHELL='/bin/bash'
STRIP='strip'
VERSION='2.7'
ac_ct_AR='ar'
ac_ct_CC='gcc'
ac_ct_DUMPBIN=''
am__EXEEXT_FALSE=''
am__EXEEXT_TRUE='#'
am__fastdepCC_FALSE='#'
am__fastdepCC_TRUE=''
am__include='include'
am__isrc=''
am__leading_dot='.'
am__nodep='_no'
am__quote=''
am__tar='$${TAR-tar} chof - "$$tardir"'
am__untar='$${TAR-tar} xf -'
bindir='${exec_prefix}/bin'
build='i686-pc-linux-gnu'
build_alias=''
build_cpu='i686'
build_os='linux-gnu'
build_vendor='pc'
datadir='${datarootdir}'
datarootdir='${prefix}/share'
docdir='${datarootdir}/doc/${PACKAGE_TARNAME}'
dvidir='${docdir}'
exec_prefix='${prefix}'
host='i686-pc-linux-gnu'
host_alias=''
host_cpu='i686'
host_os='linux-gnu'
host_vendor='pc'
htmldir='${docdir}'
includedir='${prefix}/include'
infodir='${datarootdir}/info'
install_sh='${SHELL} /home/xtra/work/ftgm/lib/jansson-2.7/install-sh'
json_have_localeconv='1'
json_have_long_long='1'
json_inline='inline'
libdir='${exec_prefix}/lib'
libexecdir='${exec_prefix}/libexec'
localedir='${datarootdir}/locale'
localstatedir='${prefix}/var'
mandir='${datarootdir}/man'
mkdir_p='/bin/mkdir -p'
oldincludedir='/usr/include'
pdfdir='${docdir}'
prefix='/usr/local'
program_transform_name='s,x,x,'
psdir='${docdir}'
sbindir='${exec_prefix}/sbin'
sharedstatedir='${prefix}/com'
sysconfdir='${prefix}/etc'
target_alias=''

## ----------- ##
## confdefs.h. ##
## ----------- ##

/* confdefs.h */
#define PACKAGE_NAME "jansson"
#define PACKAGE_TARNAME "jansson"
#define PACKAGE_VERSION "2.7"
#define PACKAGE_STRING "jansson 2.7"
#define PACKAGE_BUGREPORT "petri@digip.org"
#define PACKAGE_URL ""
#define PACKAGE "jansson"
#define VERSION "2.7"
#define STDC_HEADERS 1
#define HAVE_SYS_TYPES_H 1
#define HAVE_SYS_STAT_H 1
#define HAVE_STDLIB_H 1
#define HAVE_STRING_H 1
#define HAVE_MEMORY_H 1
#define HAVE_STRINGS_H 1
#define HAVE_INTTYPES_H 1
#define HAVE_STDINT_H 1
#define HAVE_UNISTD_H 1
#define HAVE_DLFCN_H 1
#define LT_OBJDIR ".libs/"
#define HAVE_ENDIAN_H 1
#define HAVE_FCNTL_H 1
#define HAVE_LOCALE_H 1
#define HAVE_SCHED_H 1
#define HAVE_UNISTD_H 1
#define HAVE_SYS_PARAM_H 1
#define HAVE_SYS_STAT_H 1
#define HAVE_SYS_TIME_H 1
#define HAVE_SYS_TYPES_H 1
#define HAVE_LONG_LONG_INT 1
#define HAVE_CLOSE 1
#define HAVE_GETPID 1
#define HAVE_GETTIMEOFDAY 1
#define HAVE_LOCALECONV 1
#define HAVE_OPEN 1
#define HAVE_READ 1
#define HAVE_SCHED_YIELD 1
#define HAVE_STRTOLL 1
#define HAVE_SYNC_BUILTINS 1
#define USE_URANDOM 1
#define USE_WINDOWS_CRYPTOAPI 1

configure: exit 0
